<?xml version="1.0" encoding="UTF-8"?>
<testng-results ignored="0" total="9" passed="9" failed="0" skipped="0">
  <reporter-output>
  </reporter-output>
  <suite started-at="2024-05-20T17:22:20 GMT" name="vendor-portal" finished-at="2024-05-20T17:23:13 GMT" duration-ms="52654">
    <groups>
    </groups>
    <test started-at="2024-05-20T17:22:20 GMT" name="user-john" finished-at="2024-05-20T17:22:38 GMT" duration-ms="17836">
      <class name="com.vinsguru.tests.vendorportal.VendorPortalTest">
        <test-method is-config="true" signature="setupConfig()[pri:0, instance:com.vinsguru.tests.vendorportal.VendorPortalTest@616ac46a]" started-at="2024-05-20T17:22:20 GMT" name="setupConfig" finished-at="2024-05-20T17:22:20 GMT" duration-ms="8" status="PASS">
          <reporter-output>
          </reporter-output>
        </test-method> <!-- setupConfig -->
        <test-method is-config="true" signature="setDriver()[pri:0, instance:com.vinsguru.tests.vendorportal.VendorPortalTest@616ac46a]" started-at="2024-05-20T17:22:20 GMT" name="setDriver" finished-at="2024-05-20T17:22:21 GMT" duration-ms="782" status="PASS">
          <reporter-output>
          </reporter-output>
        </test-method> <!-- setDriver -->
        <test-method is-config="true" signature="setPageObjects(java.lang.String)[pri:0, instance:com.vinsguru.tests.vendorportal.VendorPortalTest@616ac46a]" started-at="2024-05-20T17:22:21 GMT" name="setPageObjects" finished-at="2024-05-20T17:22:21 GMT" depends-on-methods="com.vinsguru.tests.AbstractTest.setDriver" duration-ms="135" status="PASS">
          <params>
            <param index="0">
              <value>
                <![CDATA[test-data/vendor-portal/john.json]]>
              </value>
            </param>
          </params>
          <reporter-output>
          </reporter-output>
        </test-method> <!-- setPageObjects -->
        <test-method signature="loginTest()[pri:0, instance:com.vinsguru.tests.vendorportal.VendorPortalTest@616ac46a]" started-at="2024-05-20T17:22:21 GMT" name="loginTest" finished-at="2024-05-20T17:22:22 GMT" duration-ms="732" status="PASS">
          <reporter-output>
          </reporter-output>
        </test-method> <!-- loginTest -->
        <test-method is-config="true" signature="sleep()[pri:0, instance:com.vinsguru.tests.vendorportal.VendorPortalTest@616ac46a]" started-at="2024-05-20T17:22:22 GMT" name="sleep" finished-at="2024-05-20T17:22:27 GMT" duration-ms="5001" status="PASS">
          <reporter-output>
          </reporter-output>
        </test-method> <!-- sleep -->
        <test-method signature="dashboardTest()[pri:0, instance:com.vinsguru.tests.vendorportal.VendorPortalTest@616ac46a]" started-at="2024-05-20T17:22:27 GMT" name="dashboardTest" finished-at="2024-05-20T17:22:27 GMT" depends-on-methods="com.vinsguru.tests.vendorportal.VendorPortalTest.loginTest" duration-ms="246" status="PASS">
          <reporter-output>
          </reporter-output>
        </test-method> <!-- dashboardTest -->
        <test-method is-config="true" signature="sleep()[pri:0, instance:com.vinsguru.tests.vendorportal.VendorPortalTest@616ac46a]" started-at="2024-05-20T17:22:27 GMT" name="sleep" finished-at="2024-05-20T17:22:32 GMT" duration-ms="5000" status="PASS">
          <reporter-output>
          </reporter-output>
        </test-method> <!-- sleep -->
        <test-method signature="logoutTest()[pri:0, instance:com.vinsguru.tests.vendorportal.VendorPortalTest@616ac46a]" started-at="2024-05-20T17:22:32 GMT" name="logoutTest" finished-at="2024-05-20T17:22:33 GMT" depends-on-methods="com.vinsguru.tests.vendorportal.VendorPortalTest.dashboardTest" duration-ms="794" status="PASS">
          <reporter-output>
          </reporter-output>
        </test-method> <!-- logoutTest -->
        <test-method is-config="true" signature="sleep()[pri:0, instance:com.vinsguru.tests.vendorportal.VendorPortalTest@616ac46a]" started-at="2024-05-20T17:22:33 GMT" name="sleep" finished-at="2024-05-20T17:22:38 GMT" duration-ms="5001" status="PASS">
          <reporter-output>
          </reporter-output>
        </test-method> <!-- sleep -->
        <test-method is-config="true" signature="quitDriver()[pri:0, instance:com.vinsguru.tests.vendorportal.VendorPortalTest@616ac46a]" started-at="2024-05-20T17:22:38 GMT" name="quitDriver" finished-at="2024-05-20T17:22:38 GMT" duration-ms="118" status="PASS">
          <reporter-output>
          </reporter-output>
        </test-method> <!-- quitDriver -->
      </class> <!-- com.vinsguru.tests.vendorportal.VendorPortalTest -->
    </test> <!-- user-john -->
    <test started-at="2024-05-20T17:22:20 GMT" name="user-mike" finished-at="2024-05-20T17:22:55 GMT" duration-ms="35596">
      <class name="com.vinsguru.tests.vendorportal.VendorPortalTest">
        <test-method is-config="true" signature="setDriver()[pri:0, instance:com.vinsguru.tests.vendorportal.VendorPortalTest@6fa34d52]" started-at="2024-05-20T17:22:20 GMT" name="setDriver" finished-at="2024-05-20T17:22:38 GMT" duration-ms="18114" status="PASS">
          <reporter-output>
          </reporter-output>
        </test-method> <!-- setDriver -->
        <test-method is-config="true" signature="setPageObjects(java.lang.String)[pri:0, instance:com.vinsguru.tests.vendorportal.VendorPortalTest@6fa34d52]" started-at="2024-05-20T17:22:38 GMT" name="setPageObjects" finished-at="2024-05-20T17:22:38 GMT" depends-on-methods="com.vinsguru.tests.AbstractTest.setDriver" duration-ms="2" status="PASS">
          <params>
            <param index="0">
              <value>
                <![CDATA[test-data/vendor-portal/mike.json]]>
              </value>
            </param>
          </params>
          <reporter-output>
          </reporter-output>
        </test-method> <!-- setPageObjects -->
        <test-method signature="loginTest()[pri:0, instance:com.vinsguru.tests.vendorportal.VendorPortalTest@6fa34d52]" started-at="2024-05-20T17:22:38 GMT" name="loginTest" finished-at="2024-05-20T17:22:39 GMT" duration-ms="830" status="PASS">
          <reporter-output>
          </reporter-output>
        </test-method> <!-- loginTest -->
        <test-method is-config="true" signature="sleep()[pri:0, instance:com.vinsguru.tests.vendorportal.VendorPortalTest@6fa34d52]" started-at="2024-05-20T17:22:39 GMT" name="sleep" finished-at="2024-05-20T17:22:44 GMT" duration-ms="5001" status="PASS">
          <reporter-output>
          </reporter-output>
        </test-method> <!-- sleep -->
        <test-method signature="dashboardTest()[pri:0, instance:com.vinsguru.tests.vendorportal.VendorPortalTest@6fa34d52]" started-at="2024-05-20T17:22:44 GMT" name="dashboardTest" finished-at="2024-05-20T17:22:44 GMT" depends-on-methods="com.vinsguru.tests.vendorportal.VendorPortalTest.loginTest" duration-ms="209" status="PASS">
          <reporter-output>
          </reporter-output>
        </test-method> <!-- dashboardTest -->
        <test-method is-config="true" signature="sleep()[pri:0, instance:com.vinsguru.tests.vendorportal.VendorPortalTest@6fa34d52]" started-at="2024-05-20T17:22:44 GMT" name="sleep" finished-at="2024-05-20T17:22:49 GMT" duration-ms="5001" status="PASS">
          <reporter-output>
          </reporter-output>
        </test-method> <!-- sleep -->
        <test-method signature="logoutTest()[pri:0, instance:com.vinsguru.tests.vendorportal.VendorPortalTest@6fa34d52]" started-at="2024-05-20T17:22:49 GMT" name="logoutTest" finished-at="2024-05-20T17:22:50 GMT" depends-on-methods="com.vinsguru.tests.vendorportal.VendorPortalTest.dashboardTest" duration-ms="1330" status="PASS">
          <reporter-output>
          </reporter-output>
        </test-method> <!-- logoutTest -->
        <test-method is-config="true" signature="sleep()[pri:0, instance:com.vinsguru.tests.vendorportal.VendorPortalTest@6fa34d52]" started-at="2024-05-20T17:22:50 GMT" name="sleep" finished-at="2024-05-20T17:22:55 GMT" duration-ms="5001" status="PASS">
          <reporter-output>
          </reporter-output>
        </test-method> <!-- sleep -->
        <test-method is-config="true" signature="quitDriver()[pri:0, instance:com.vinsguru.tests.vendorportal.VendorPortalTest@6fa34d52]" started-at="2024-05-20T17:22:55 GMT" name="quitDriver" finished-at="2024-05-20T17:22:55 GMT" duration-ms="99" status="PASS">
          <reporter-output>
          </reporter-output>
        </test-method> <!-- quitDriver -->
      </class> <!-- com.vinsguru.tests.vendorportal.VendorPortalTest -->
    </test> <!-- user-mike -->
    <test started-at="2024-05-20T17:22:20 GMT" name="user-sam" finished-at="2024-05-20T17:23:13 GMT" duration-ms="52654">
      <class name="com.vinsguru.tests.vendorportal.VendorPortalTest">
        <test-method is-config="true" signature="setDriver()[pri:0, instance:com.vinsguru.tests.vendorportal.VendorPortalTest@26df6e3a]" started-at="2024-05-20T17:22:20 GMT" name="setDriver" finished-at="2024-05-20T17:22:56 GMT" duration-ms="35881" status="PASS">
          <reporter-output>
          </reporter-output>
        </test-method> <!-- setDriver -->
        <test-method is-config="true" signature="setPageObjects(java.lang.String)[pri:0, instance:com.vinsguru.tests.vendorportal.VendorPortalTest@26df6e3a]" started-at="2024-05-20T17:22:56 GMT" name="setPageObjects" finished-at="2024-05-20T17:22:56 GMT" depends-on-methods="com.vinsguru.tests.AbstractTest.setDriver" duration-ms="1" status="PASS">
          <params>
            <param index="0">
              <value>
                <![CDATA[test-data/vendor-portal/sam.json]]>
              </value>
            </param>
          </params>
          <reporter-output>
          </reporter-output>
        </test-method> <!-- setPageObjects -->
        <test-method signature="loginTest()[pri:0, instance:com.vinsguru.tests.vendorportal.VendorPortalTest@26df6e3a]" started-at="2024-05-20T17:22:56 GMT" name="loginTest" finished-at="2024-05-20T17:22:56 GMT" duration-ms="656" status="PASS">
          <reporter-output>
          </reporter-output>
        </test-method> <!-- loginTest -->
        <test-method is-config="true" signature="sleep()[pri:0, instance:com.vinsguru.tests.vendorportal.VendorPortalTest@26df6e3a]" started-at="2024-05-20T17:22:56 GMT" name="sleep" finished-at="2024-05-20T17:23:01 GMT" duration-ms="5000" status="PASS">
          <reporter-output>
          </reporter-output>
        </test-method> <!-- sleep -->
        <test-method signature="dashboardTest()[pri:0, instance:com.vinsguru.tests.vendorportal.VendorPortalTest@26df6e3a]" started-at="2024-05-20T17:23:01 GMT" name="dashboardTest" finished-at="2024-05-20T17:23:02 GMT" depends-on-methods="com.vinsguru.tests.vendorportal.VendorPortalTest.loginTest" duration-ms="204" status="PASS">
          <reporter-output>
          </reporter-output>
        </test-method> <!-- dashboardTest -->
        <test-method is-config="true" signature="sleep()[pri:0, instance:com.vinsguru.tests.vendorportal.VendorPortalTest@26df6e3a]" started-at="2024-05-20T17:23:02 GMT" name="sleep" finished-at="2024-05-20T17:23:07 GMT" duration-ms="5000" status="PASS">
          <reporter-output>
          </reporter-output>
        </test-method> <!-- sleep -->
        <test-method signature="logoutTest()[pri:0, instance:com.vinsguru.tests.vendorportal.VendorPortalTest@26df6e3a]" started-at="2024-05-20T17:23:07 GMT" name="logoutTest" finished-at="2024-05-20T17:23:07 GMT" depends-on-methods="com.vinsguru.tests.vendorportal.VendorPortalTest.dashboardTest" duration-ms="792" status="PASS">
          <reporter-output>
          </reporter-output>
        </test-method> <!-- logoutTest -->
        <test-method is-config="true" signature="sleep()[pri:0, instance:com.vinsguru.tests.vendorportal.VendorPortalTest@26df6e3a]" started-at="2024-05-20T17:23:07 GMT" name="sleep" finished-at="2024-05-20T17:23:12 GMT" duration-ms="5000" status="PASS">
          <reporter-output>
          </reporter-output>
        </test-method> <!-- sleep -->
        <test-method is-config="true" signature="quitDriver()[pri:0, instance:com.vinsguru.tests.vendorportal.VendorPortalTest@26df6e3a]" started-at="2024-05-20T17:23:12 GMT" name="quitDriver" finished-at="2024-05-20T17:23:13 GMT" duration-ms="106" status="PASS">
          <reporter-output>
          </reporter-output>
        </test-method> <!-- quitDriver -->
      </class> <!-- com.vinsguru.tests.vendorportal.VendorPortalTest -->
    </test> <!-- user-sam -->
  </suite> <!-- vendor-portal -->
</testng-results>
